2013/07/17 11:23:28 にビルドを開始しました。
     1>ノード 2 上のプロジェクト "C:\Users\survey2\Dropbox\2013Dropbox\nagata&hasegawa\rvi for arrays\rvi\rvi\rvi.vcxproj" (build ターゲット)。
     1>PrepareForBuild:
         ディレクトリ "C:\Users\survey2\Dropbox\2013Dropbox\nagata&hasegawa\rvi for arrays\rvi\Debug\" を作成しています。
       InitializeBuildStatus:
         "AlwaysCreate" が指定されたため "Debug\rvi.unsuccessfulbuild" を作成しています。
       ClCompile:
         C:\Program Files (x86)\Microsoft Visual Studio 10.0\VC\bin\CL.exe /c /ZI /nologo /W3 /WX- /Od /Oy- /D _MBCS /Gm /EHsc /RTC1 /MDd /GS /fp:precise /Zc:wchar_t /Zc:forScope /Fo"Debug\\" /Fd"Debug\vc100.pdb" /Gd /TP /analyze- /errorReport:prompt ..\..\rvi.cpp
         rvi.cpp
     1>c:\users\survey2\dropbox\2013dropbox\nagata&hasegawa\rvi for arrays\rvi.cpp(21): warning C4244: '=' : 'clock_t' から 'float' への変換です。データが失われる可能性があります。
     1>c:\users\survey2\dropbox\2013dropbox\nagata&hasegawa\rvi for arrays\rvi.cpp(30): warning C4129: '%' : エスケープ シーケンスとして正しく認識されませんでした。
     1>c:\users\survey2\dropbox\2013dropbox\nagata&hasegawa\rvi for arrays\rvi.cpp(41): warning C4996: 'fopen': This function or variable may be unsafe. Consider using fopen_s instead. To disable deprecation, use _CRT_SECURE_NO_WARNINGS. See online help for details.
                 c:\program files (x86)\microsoft visual studio 10.0\vc\include\stdio.h(234) : 'fopen' の宣言を確認してください。
     1>c:\users\survey2\dropbox\2013dropbox\nagata&hasegawa\rvi for arrays\rvi.cpp(48): warning C4996: 'fopen': This function or variable may be unsafe. Consider using fopen_s instead. To disable deprecation, use _CRT_SECURE_NO_WARNINGS. See online help for details.
                 c:\program files (x86)\microsoft visual studio 10.0\vc\include\stdio.h(234) : 'fopen' の宣言を確認してください。
     1>c:\users\survey2\dropbox\2013dropbox\nagata&hasegawa\rvi for arrays\rvi.cpp(55): warning C4996: 'fopen': This function or variable may be unsafe. Consider using fopen_s instead. To disable deprecation, use _CRT_SECURE_NO_WARNINGS. See online help for details.
                 c:\program files (x86)\microsoft visual studio 10.0\vc\include\stdio.h(234) : 'fopen' の宣言を確認してください。
     1>c:\users\survey2\dropbox\2013dropbox\nagata&hasegawa\rvi for arrays\rvi.cpp(78): warning C4244: '=' : 'clock_t' から 'float' への変換です。データが失われる可能性があります。
       Link:
         C:\Program Files (x86)\Microsoft Visual Studio 10.0\VC\bin\link.exe /ERRORREPORT:PROMPT /OUT:"C:\Users\survey2\Dropbox\2013Dropbox\nagata&hasegawa\rvi for arrays\rvi\Debug\rvi.exe" /NOLOGO kernel32.lib user32.lib gdi32.lib winspool.lib comdlg32.lib advapi32.lib shell32.lib ole32.lib oleaut32.lib uuid.lib odbc32.lib odbccp32.lib /MANIFEST /ManifestFile:"Debug\rvi.exe.intermediate.manifest" /MANIFESTUAC:"level='asInvoker' uiAccess='false'" /DEBUG /PDB:"C:\Users\survey2\Dropbox\2013Dropbox\nagata&hasegawa\rvi for arrays\rvi\Debug\rvi.pdb" /TLBID:1 /DYNAMICBASE /NXCOMPAT /IMPLIB:"C:\Users\survey2\Dropbox\2013Dropbox\nagata&hasegawa\rvi for arrays\rvi\Debug\rvi.lib" /MACHINE:X86 Debug\rvi.obj
         rvi.vcxproj -> C:\Users\survey2\Dropbox\2013Dropbox\nagata&hasegawa\rvi for arrays\rvi\Debug\rvi.exe
       Manifest:
         C:\Program Files (x86)\Microsoft SDKs\Windows\v7.0A\bin\mt.exe /nologo /verbose /outputresource:"C:\Users\survey2\Dropbox\2013Dropbox\nagata&hasegawa\rvi for arrays\rvi\Debug\rvi.exe;#1" /manifest Debug\rvi.exe.intermediate.manifest
       FinalizeBuildStatus:
         ファイル "Debug\rvi.unsuccessfulbuild" を削除しています。
         "Debug\rvi.lastbuildstate" のタッチ タスクを実行しています。
     1>プロジェクト "C:\Users\survey2\Dropbox\2013Dropbox\nagata&hasegawa\rvi for arrays\rvi\rvi\rvi.vcxproj" (build ターゲット) のビルドが完了しました。

ビルドに成功しました。

経過時間 00:00:05.68
